<?xml version="1.0" encoding="utf-8"?><testsuites name="pytest tests"><testsuite name="pytest" errors="0" failures="0" skipped="0" tests="12" time="1.957" timestamp="2026-07-03T06:39:53.527869+00:00" hostname="agent-env-b69f6e0f-34cb-4ad6-a59f-19963095d666"><testcase classname="backend.tests.backend_test" name="test_root_ok" time="0.296" /><testcase classname="backend.tests.backend_test" name="test_login_success" time="0.140" /><testcase classname="backend.tests.backend_test" name="test_login_wrong_password_401_turkish" time="0.102" /><testcase classname="backend.tests.backend_test" name="test_me_with_bearer" time="0.232" /><testcase classname="backend.tests.backend_test" name="test_protected_endpoint_without_token_401" time="0.091" /><testcase classname="backend.tests.backend_test" name="test_protected_endpoint_invalid_token_401" time="0.097" /><testcase classname="backend.tests.backend_test" name="test_list_schools" time="0.127" /><testcase classname="backend.tests.backend_test" name="test_get_school_by_id" time="0.095" /><testcase classname="backend.tests.backend_test" name="test_list_scenarios_s1" time="0.098" /><testcase classname="backend.tests.backend_test" name="test_get_default_inputs" time="0.106" /><testcase classname="backend.tests.backend_test" name="test_put_inputs_persists" time="0.318" /><testcase classname="backend.tests.backend_test" name="test_report_kpis_computed" time="0.183" /></testsuite></testsuites>